<?xml version="1.0" encoding="UTF-8"?>
<testng-results ignored="0" total="1" passed="1" failed="0" skipped="0">
  <reporter-output>
  </reporter-output>
  <suite started-at="2023-12-22T09:18:33 IST" name="Default suite" finished-at="2023-12-22T09:18:47 IST" duration-ms="14095">
    <groups>
    </groups>
    <test started-at="2023-12-22T09:18:33 IST" name="Default test" finished-at="2023-12-22T09:18:47 IST" duration-ms="14095">
      <class name="com.aiite.testng.TestNgDemo">
        <test-method is-config="true" signature="browserSetip()[pri:0, instance:com.aiite.testng.TestNgDemo@451001e5]" started-at="2023-12-22T09:18:33 IST" name="browserSetip" finished-at="2023-12-22T09:18:37 IST" duration-ms="3926" status="PASS">
          <reporter-output>
          </reporter-output>
        </test-method> <!-- browserSetip -->
        <test-method signature="googleSearch()[pri:0, instance:com.aiite.testng.TestNgDemo@451001e5]" started-at="2023-12-22T09:18:37 IST" name="googleSearch" finished-at="2023-12-22T09:18:46 IST" duration-ms="9409" status="PASS">
          <reporter-output>
          </reporter-output>
        </test-method> <!-- googleSearch -->
        <test-method is-config="true" signature="closeBrowser()[pri:0, instance:com.aiite.testng.TestNgDemo@451001e5]" started-at="2023-12-22T09:18:46 IST" name="closeBrowser" finished-at="2023-12-22T09:18:47 IST" duration-ms="651" status="PASS">
          <reporter-output>
          </reporter-output>
        </test-method> <!-- closeBrowser -->
      </class> <!-- com.aiite.testng.TestNgDemo -->
    </test> <!-- Default test -->
  </suite> <!-- Default suite -->
</testng-results>
