<?xml version="1.0" encoding="UTF-8"?>
<testng-results ignored="0" total="1" passed="1" failed="0" skipped="0">
  <reporter-output>
  </reporter-output>
  <suite started-at="2023-12-22T07:56:06 IST" name="Default suite" finished-at="2023-12-22T07:56:29 IST" duration-ms="22866">
    <groups>
    </groups>
    <test started-at="2023-12-22T07:56:06 IST" name="Default test" finished-at="2023-12-22T07:56:29 IST" duration-ms="22866">
      <class name="com.aiite.testng.TestNgDemo">
        <test-method is-config="true" signature="browserSetip()[pri:0, instance:com.aiite.testng.TestNgDemo@4b013c76]" started-at="2023-12-22T07:56:07 IST" name="browserSetip" finished-at="2023-12-22T07:56:16 IST" duration-ms="9852" status="PASS">
          <reporter-output>
          </reporter-output>
        </test-method> <!-- browserSetip -->
        <test-method signature="googleSearch()[pri:0, instance:com.aiite.testng.TestNgDemo@4b013c76]" started-at="2023-12-22T07:56:16 IST" name="googleSearch" finished-at="2023-12-22T07:56:28 IST" duration-ms="11621" status="PASS">
          <reporter-output>
          </reporter-output>
        </test-method> <!-- googleSearch -->
        <test-method is-config="true" signature="closeBrowser()[pri:0, instance:com.aiite.testng.TestNgDemo@4b013c76]" started-at="2023-12-22T07:56:28 IST" name="closeBrowser" finished-at="2023-12-22T07:56:29 IST" duration-ms="1277" status="PASS">
          <reporter-output>
          </reporter-output>
        </test-method> <!-- closeBrowser -->
      </class> <!-- com.aiite.testng.TestNgDemo -->
    </test> <!-- Default test -->
  </suite> <!-- Default suite -->
</testng-results>
